nohup: ignoring input
  *******************************************
  *                                         *
  *        W E L C O M E  to  R O O T       *
  *                                         *
  *   Version   5.34/36      5 April 2016   *
  *                                         *
  *  You are welcome to visit our Web site  *
  *          http://root.cern.ch            *
  *                                         *
  *******************************************

ROOT 5.34/36 (v5-34-36@v5-34-36, Apr 05 2016, 10:25:45 on linuxx8664gcc)

CINT/ROOT C/C++ Interpreter version 5.18.00, July 2, 2010
Type ? for help. Commands must be C++ statements.
Enclose multiple statements between { }.

Processing breakdown_test_weighted.cc+("../../data/s2_low.txt", "../../data/s1_low.txt",100,150000,0.06)...
Read 2000 events from file 1
Read 2000 events from file 2
The delta metric is 0.06
The number of bins is 100
The T test statistic is: 6.70594e-05
The nominal CDF area is: 0.00301095
Reached permutation # 0
Reached permutation # 1000
Reached permutation # 2000
Reached permutation # 3000
Reached permutation # 4000
Reached permutation # 5000
Reached permutation # 6000
Reached permutation # 7000
Reached permutation # 8000
Reached permutation # 9000
Reached permutation # 10000
Reached permutation # 11000
Reached permutation # 12000
Reached permutation # 13000
Reached permutation # 14000
Reached permutation # 15000
Reached permutation # 16000
Reached permutation # 17000
Reached permutation # 18000
Reached permutation # 19000
Reached permutation # 20000
Reached permutation # 21000
Reached permutation # 22000
Reached permutation # 23000
Reached permutation # 24000
Reached permutation # 25000
Reached permutation # 26000
Reached permutation # 27000
Reached permutation # 28000
Reached permutation # 29000
Reached permutation # 30000
Reached permutation # 31000
Reached permutation # 32000
Reached permutation # 33000
Reached permutation # 34000
Reached permutation # 35000
Reached permutation # 36000
Reached permutation # 37000
Reached permutation # 38000
Reached permutation # 39000
Reached permutation # 40000
Reached permutation # 41000
Reached permutation # 42000
Reached permutation # 43000
Reached permutation # 44000
Reached permutation # 45000
Reached permutation # 46000
Reached permutation # 47000
Reached permutation # 48000
Reached permutation # 49000
Reached permutation # 50000
Reached permutation # 51000
Reached permutation # 52000
Reached permutation # 53000
Reached permutation # 54000
Reached permutation # 55000
Reached permutation # 56000
Reached permutation # 57000
Reached permutation # 58000
Reached permutation # 59000
Reached permutation # 60000
Reached permutation # 61000
Reached permutation # 62000
Reached permutation # 63000
Reached permutation # 64000
Reached permutation # 65000
Reached permutation # 66000
Reached permutation # 67000
Reached permutation # 68000
Reached permutation # 69000
Reached permutation # 70000
Reached permutation # 71000
Reached permutation # 72000
Reached permutation # 73000
Reached permutation # 74000
Reached permutation # 75000
Reached permutation # 76000
Reached permutation # 77000
Reached permutation # 78000
Reached permutation # 79000
Reached permutation # 80000
Reached permutation # 81000
Reached permutation # 82000
Reached permutation # 83000
Reached permutation # 84000
Reached permutation # 85000
Reached permutation # 86000
Reached permutation # 87000
Reached permutation # 88000
Reached permutation # 89000
Reached permutation # 90000
Reached permutation # 91000
Reached permutation # 92000
Reached permutation # 93000
Reached permutation # 94000
Reached permutation # 95000
Reached permutation # 96000
Reached permutation # 97000
Reached permutation # 98000
Reached permutation # 99000
Reached permutation # 100000
Reached permutation # 101000
Reached permutation # 102000
Reached permutation # 103000
Reached permutation # 104000
Reached permutation # 105000
Reached permutation # 106000
Reached permutation # 107000
Reached permutation # 108000
Reached permutation # 109000
Reached permutation # 110000
Reached permutation # 111000
Reached permutation # 112000
Reached permutation # 113000
Reached permutation # 114000
Reached permutation # 115000
Reached permutation # 116000
Reached permutation # 117000
Reached permutation # 118000
Reached permutation # 119000
Reached permutation # 120000
Reached permutation # 121000
Reached permutation # 122000
Reached permutation # 123000
Reached permutation # 124000
Reached permutation # 125000
Reached permutation # 126000
Reached permutation # 127000
Reached permutation # 128000
Reached permutation # 129000
Reached permutation # 130000
Reached permutation # 131000
Reached permutation # 132000
Reached permutation # 133000
Reached permutation # 134000
Reached permutation # 135000
Reached permutation # 136000
Reached permutation # 137000
Reached permutation # 138000
Reached permutation # 139000
Reached permutation # 140000
Reached permutation # 141000
Reached permutation # 142000
Reached permutation # 143000
Reached permutation # 144000
Reached permutation # 145000
Reached permutation # 146000
Reached permutation # 147000
Reached permutation # 148000
Reached permutation # 149000
The p-value is 0.00632667
Finished!
(Int_t)1729
